# JRE version: OpenJDK Runtime Environment (8.0_212-b04) (build 1.8.0_212-release-1586-b04)
# Java VM: OpenJDK 64-Bit Server VM (25.212-b04 mixed mode windows-amd64 compressed oops)
Heap:
 PSYoungGen      total 226304K, used 10790K [0x00000000e0000000, 0x00000000ef000000, 0x0000000100000000)
  eden space 210944K, 5% used [0x00000000e0000000,0x00000000e0a898c8,0x00000000ece00000)
  from space 15360K, 0% used [0x00000000ee100000,0x00000000ee100000,0x00000000ef000000)
  to   space 17408K, 0% used [0x00000000ece00000,0x00000000ece00000,0x00000000edf00000)
 ParOldGen       total 116224K, used 36516K [0x00000000a0000000, 0x00000000a7180000, 0x00000000e0000000)
  object space 116224K, 31% used [0x00000000a0000000,0x00000000a23a92c8,0x00000000a7180000)
 Metaspace       used 57540K, capacity 59690K, committed 59992K, reserved 1101824K
  class space    used 7966K, capacity 8487K, committed 8536K, reserved 1048576K
GC Heap History (10 events):
Event: 22.242 GC heap before
{Heap before GC invocations=11 (full 1):
 PSYoungGen      total 132608K, used 35268K [0x00000000e0000000, 0x00000000eb580000, 0x0000000100000000)
  eden space 121344K, 19% used [0x00000000e0000000,0x00000000e1777798,0x00000000e7680000)
  from space 11264K, 99% used [0x00000000e7680000,0x00000000e8179958,0x00000000e8180000)
  to   space 12800K, 0% used [0x00000000ea900000,0x00000000ea900000,0x00000000eb580000)
 ParOldGen       total 49664K, used 7604K [0x00000000a0000000, 0x00000000a3080000, 0x00000000e0000000)
  object space 49664K, 15% used [0x00000000a0000000,0x00000000a076d318,0x00000000a3080000)
 Metaspace       used 34595K, capacity 35370K, committed 35456K, reserved 1079296K
  class space    used 4749K, capacity 4962K, committed 4992K, reserved 1048576K
Event: 22.262 GC heap after
Heap after GC invocations=11 (full 1):
 PSYoungGen      total 173568K, used 5651K [0x00000000e0000000, 0x00000000ec000000, 0x0000000100000000)
  eden space 160768K, 0% used [0x00000000e0000000,0x00000000e0000000,0x00000000e9d00000)
  from space 12800K, 44% used [0x00000000ea900000,0x00000000eae84df0,0x00000000eb580000)
  to   space 12288K, 0% used [0x00000000e9d00000,0x00000000e9d00000,0x00000000ea900000)
 ParOldGen       total 49664K, used 11008K [0x00000000a0000000, 0x00000000a3080000, 0x00000000e0000000)
  object space 49664K, 22% used [0x00000000a0000000,0x00000000a0ac0348,0x00000000a3080000)
 Metaspace       used 34595K, capacity 35370K, committed 35456K, reserved 1079296K
  class space    used 4749K, capacity 4962K, committed 4992K, reserved 1048576K
}
Event: 22.262 GC heap before
{Heap before GC invocations=12 (full 2):
 PSYoungGen      total 173568K, used 5651K [0x00000000e0000000, 0x00000000ec000000, 0x0000000100000000)
  eden space 160768K, 0% used [0x00000000e0000000,0x00000000e0000000,0x00000000e9d00000)
  from space 12800K, 44% used [0x00000000ea900000,0x00000000eae84df0,0x00000000eb580000)
  to   space 12288K, 0% used [0x00000000e9d00000,0x00000000e9d00000,0x00000000ea900000)
 ParOldGen       total 49664K, used 11008K [0x00000000a0000000, 0x00000000a3080000, 0x00000000e0000000)
  object space 49664K, 22% used [0x00000000a0000000,0x00000000a0ac0348,0x00000000a3080000)
 Metaspace       used 34595K, capacity 35370K, committed 35456K, reserved 1079296K
  class space    used 4749K, capacity 4962K, committed 4992K, reserved 1048576K
Event: 22.501 GC heap after
Heap after GC invocations=12 (full 2):
 PSYoungGen      total 173568K, used 0K [0x00000000e0000000, 0x00000000ec000000, 0x0000000100000000)
  eden space 160768K, 0% used [0x00000000e0000000,0x00000000e0000000,0x00000000e9d00000)
  from space 12800K, 0% used [0x00000000ea900000,0x00000000ea900000,0x00000000eb580000)
  to   space 12288K, 0% used [0x00000000e9d00000,0x00000000e9d00000,0x00000000ea900000)
 ParOldGen       total 73728K, used 15859K [0x00000000a0000000, 0x00000000a4800000, 0x00000000e0000000)
  object space 73728K, 21% used [0x00000000a0000000,0x00000000a0f7ccd8,0x00000000a4800000)
 Metaspace       used 34579K, capacity 35316K, committed 35456K, reserved 1079296K
  class space    used 4745K, capacity 4953K, committed 4992K, reserved 1048576K
}
Event: 38.463 GC heap before
{Heap before GC invocations=13 (full 2):
 PSYoungGen      total 173568K, used 160768K [0x00000000e0000000, 0x00000000ec000000, 0x0000000100000000)
  eden space 160768K, 100% used [0x00000000e0000000,0x00000000e9d00000,0x00000000e9d00000)
  from space 12800K, 0% used [0x00000000ea900000,0x00000000ea900000,0x00000000eb580000)
  to   space 12288K, 0% used [0x00000000e9d00000,0x00000000e9d00000,0x00000000ea900000)
 ParOldGen       total 73728K, used 15859K [0x00000000a0000000, 0x00000000a4800000, 0x00000000e0000000)
  object space 73728K, 21% used [0x00000000a0000000,0x00000000a0f7ccd8,0x00000000a4800000)
 Metaspace       used 50438K, capacity 51950K, committed 52096K, reserved 1093632K
  class space    used 6842K, capacity 7222K, committed 7296K, reserved 1048576K
Event: 38.500 GC heap after
Heap after GC invocations=13 (full 2):
 PSYoungGen      total 173056K, used 12286K [0x00000000e0000000, 0x00000000ef180000, 0x0000000100000000)
  eden space 160768K, 0% used [0x00000000e0000000,0x00000000e0000000,0x00000000e9d00000)
  from space 12288K, 99% used [0x00000000e9d00000,0x00000000ea8ff8f0,0x00000000ea900000)
  to   space 16896K, 0% used [0x00000000ee100000,0x00000000ee100000,0x00000000ef180000)
 ParOldGen       total 73728K, used 24101K [0x00000000a0000000, 0x00000000a4800000, 0x00000000e0000000)
  object space 73728K, 32% used [0x00000000a0000000,0x00000000a17896d0,0x00000000a4800000)
 Metaspace       used 50438K, capacity 51950K, committed 52096K, reserved 1093632K
  class space    used 6842K, capacity 7222K, committed 7296K, reserved 1048576K
}
Event: 47.263 GC heap before
{Heap before GC invocations=14 (full 2):
 PSYoungGen      total 173056K, used 125571K [0x00000000e0000000, 0x00000000ef180000, 0x0000000100000000)
  eden space 160768K, 70% used [0x00000000e0000000,0x00000000e6ea16f0,0x00000000e9d00000)
  from space 12288K, 99% used [0x00000000e9d00000,0x00000000ea8ff8f0,0x00000000ea900000)
  to   space 16896K, 0% used [0x00000000ee100000,0x00000000ee100000,0x00000000ef180000)
 ParOldGen       total 73728K, used 24101K [0x00000000a0000000, 0x00000000a4800000, 0x00000000e0000000)
  object space 73728K, 32% used [0x00000000a0000000,0x00000000a17896d0,0x00000000a4800000)
 Metaspace       used 57197K, capacity 59072K, committed 59096K, reserved 1099776K
  class space    used 7885K, capacity 8384K, committed 8408K, reserved 1048576K
Event: 47.328 GC heap after
Heap after GC invocations=14 (full 2):
 PSYoungGen      total 226304K, used 12312K [0x00000000e0000000, 0x00000000ef000000, 0x0000000100000000)
  eden space 210944K, 0% used [0x00000000e0000000,0x00000000e0000000,0x00000000ece00000)
  from space 15360K, 80% used [0x00000000ee100000,0x00000000eed060e8,0x00000000ef000000)
  to   space 17408K, 0% used [0x00000000ece00000,0x00000000ece00000,0x00000000edf00000)
 ParOldGen       total 73728K, used 34097K [0x00000000a0000000, 0x00000000a4800000, 0x00000000e0000000)
  object space 73728K, 46% used [0x00000000a0000000,0x00000000a214c4f8,0x00000000a4800000)
 Metaspace       used 57197K, capacity 59072K, committed 59096K, reserved 1099776K
  class space    used 7885K, capacity 8384K, committed 8408K, reserved 1048576K
}
Event: 47.328 GC heap before
{Heap before GC invocations=15 (full 3):
 PSYoungGen      total 226304K, used 12312K [0x00000000e0000000, 0x00000000ef000000, 0x0000000100000000)
  eden space 210944K, 0% used [0x00000000e0000000,0x00000000e0000000,0x00000000ece00000)
  from space 15360K, 80% used [0x00000000ee100000,0x00000000eed060e8,0x00000000ef000000)
  to   space 17408K, 0% used [0x00000000ece00000,0x00000000ece00000,0x00000000edf00000)
 ParOldGen       total 73728K, used 34097K [0x00000000a0000000, 0x00000000a4800000, 0x00000000e0000000)
  object space 73728K, 46% used [0x00000000a0000000,0x00000000a214c4f8,0x00000000a4800000)
 Metaspace       used 57197K, capacity 59072K, committed 59096K, reserved 1099776K
  class space    used 7885K, capacity 8384K, committed 8408K, reserved 1048576K
Event: 47.664 GC heap after
Heap after GC invocations=15 (full 3):
 PSYoungGen      total 226304K, used 0K [0x00000000e0000000, 0x00000000ef000000, 0x0000000100000000)
  eden space 210944K, 0% used [0x00000000e0000000,0x00000000e0000000,0x00000000ece00000)
  from space 15360K, 0% used [0x00000000ee100000,0x00000000ee100000,0x00000000ef000000)
  to   space 17408K, 0% used [0x00000000ece00000,0x00000000ece00000,0x00000000edf00000)
 ParOldGen       total 116224K, used 36516K [0x00000000a0000000, 0x00000000a7180000, 0x00000000e0000000)
  object space 116224K, 31% used [0x00000000a0000000,0x00000000a23a92c8,0x00000000a7180000)
 Metaspace       used 57179K, capacity 59022K, committed 59096K, reserved 1099776K
  class space    used 7878K, capacity 8373K, committed 8408K, reserved 1048576K
}

